<?xml version="1.0" encoding="UTF-8"?>
<!-- Generated by org.testng.reporters.JUnitXMLReporter -->
<testsuite ignored="0" hostname="Yamunas-MacBook-Pro.local" failures="0" tests="4" name="Test" time="3.717" errors="0" timestamp="2020-05-17T22:45:00 PDT">
  <testcase classname="com.restAssured.tests.PostAPITest" name="postRequest" time="2.493"/>
  <testcase classname="com.restAssured.tests.PutAPITest" name="putRequest" time="0.498"/>
  <testcase classname="com.restAssured.tests.DeleteAPITest" name="deleteRequest" time="0.506"/>
  <testcase classname="com.restAssured.tests.GetAPITest" name="getRequest" time="0.188"/>
</testsuite> <!-- Test -->
